<?xml version="1.0" encoding="UTF-8"?>
<testsuite xmlns:xsi="http://www.w3.org/2001/XMLSchema-instance" xsi:noNamespaceSchemaLocation="https://maven.apache.org/surefire/maven-surefire-plugin/xsd/surefire-test-report-3.0.xsd" version="3.0" name="cucumber.options.TestRunner" time="2.854" tests="5" errors="0" skipped="0" failures="0">
  <properties>
[...]
</properties>
  <testcase name="Verify that we are able to get the list of doctors and available timeslot details" classname="QA Technical Assignment #1" time="1.635">
    <system-out><![CDATA[
Scenario Outline: Verify that we are able to get the list of doctors and available timeslot details &amp#27;[90m# src/test/java/features/bookAppointment.feature:13&amp#27;[0m
  &amp#27;[32mGiven &amp#27;[0m&amp#27;[32mprovide valid endpoint to fetch all list of doctors and available timeslot details&amp#27;[0m          &amp#27;[90m# stepDefinations.StepDefination.provide_valid_endpoint_to_fetch_all_list_of_doctors_and_available_timeslot_details()&amp#27;[0m
/doctors/details
  &amp#27;[32mWhen &amp#27;[0m&amp#27;[32muser calls &amp#27;[0m&amp#27;[32m&amp#27;[1m"AllDoctorDetailsAPI"&amp#27;[0m&amp#27;[32m with &amp#27;[0m&amp#27;[32m&amp#27;[1m"GET"&amp#27;[0m&amp#27;[32m http request&amp#27;[0m                                     &amp#27;[90m# stepDefinations.StepDefination.user_calls_with_http_request(java.lang.String,java.lang.String)&amp#27;[0m
  &amp#27;[32mThen &amp#27;[0m&amp#27;[32mthe API call got success with status code &amp#27;[0m&amp#27;[32m&amp#27;[1m200&amp#27;[0m                                                &amp#27;[90m# stepDefinations.StepDefination.the_api_call_got_success_with_status_code(int)&amp#27;[0m
  &amp#27;[32mAnd &amp#27;[0m&amp#27;[32mfirst doctor name is &amp#27;[0m&amp#27;[32m&amp#27;[1m"Dr.Vikas Kumar"&amp#27;[0m                                                         &amp#27;[90m# stepDefinations.StepDefination.fist_name_check(java.lang.String)&amp#27;[0m
  &amp#27;[32mAnd &amp#27;[0m&amp#27;[32mReponse of the api has count greater than &amp#27;[0m&amp#27;[32m&amp#27;[1m1&amp#27;[0m                                                   &amp#27;[90m# stepDefinations.StepDefination.available_time_slots_greater_than_count(int)&amp#27;[0m
]]></system-out>
  </testcase>
  <testcase name="Verify that we are able to book an appointment" classname="QA Technical Assignment #1" time="0.55">
    <system-out><![CDATA[
Scenario Outline: Verify that we are able to book an appointment                                  &amp#27;[90m# src/test/java/features/bookAppointment.feature:23&amp#27;[0m
  &amp#27;[32mGiven &amp#27;[0m&amp#27;[32m&amp#27;[0m&amp#27;[32m&amp#27;[1m"Dr.Vikas Kumar"&amp#27;[0m&amp#27;[32m &amp#27;[0m&amp#27;[32m&amp#27;[1m"Suresh"&amp#27;[0m&amp#27;[32m &amp#27;[0m&amp#27;[32m&amp#27;[1m"2023-03-09 18:00:00"&amp#27;[0m&amp#27;[32m user should be able to book an apointment&amp#27;[0m &amp#27;[90m# stepDefinations.StepDefination.user_should_be_able_to_book_an_apointment(java.lang.String,java.lang.String,java.lang.String)&amp#27;[0m
/doctors/appointment
  &amp#27;[32mWhen &amp#27;[0m&amp#27;[32muser calls &amp#27;[0m&amp#27;[32m&amp#27;[1m"BookAppointmentAPI"&amp#27;[0m&amp#27;[32m with &amp#27;[0m&amp#27;[32m&amp#27;[1m"POST"&amp#27;[0m&amp#27;[32m http request&amp#27;[0m                                   &amp#27;[90m# stepDefinations.StepDefination.user_calls_with_http_request(java.lang.String,java.lang.String)&amp#27;[0m
  &amp#27;[32mThen &amp#27;[0m&amp#27;[32mthe API call got success with status code &amp#27;[0m&amp#27;[32m&amp#27;[1m201&amp#27;[0m                                              &amp#27;[90m# stepDefinations.StepDefination.the_api_call_got_success_with_status_code(int)&amp#27;[0m
  &amp#27;[32mAnd &amp#27;[0m&amp#27;[32m&amp#27;[0m&amp#27;[32m&amp#27;[1m"message"&amp#27;[0m&amp#27;[32m in response body is &amp#27;[0m&amp#27;[32m&amp#27;[1m"Appointment Booked"&amp#27;[0m                                          &amp#27;[90m# stepDefinations.StepDefination.in_response_body_is(java.lang.String,java.lang.String)&amp#27;[0m
]]></system-out>
  </testcase>
  <testcase name="Verify that we are not able to book same appointment again" classname="QA Technical Assignment #1" time="0.057">
    <system-out><![CDATA[
Scenario Outline: Verify that we are not able to book same appointment again                      &amp#27;[90m# src/test/java/features/bookAppointment.feature:33&amp#27;[0m
  &amp#27;[32mGiven &amp#27;[0m&amp#27;[32m&amp#27;[0m&amp#27;[32m&amp#27;[1m"Dr.Vikas Kumar"&amp#27;[0m&amp#27;[32m &amp#27;[0m&amp#27;[32m&amp#27;[1m"Suresh"&amp#27;[0m&amp#27;[32m &amp#27;[0m&amp#27;[32m&amp#27;[1m"2023-03-09 18:00:00"&amp#27;[0m&amp#27;[32m user should be able to book an apointment&amp#27;[0m &amp#27;[90m# stepDefinations.StepDefination.user_should_be_able_to_book_an_apointment(java.lang.String,java.lang.String,java.lang.String)&amp#27;[0m
/doctors/appointment/failed
  &amp#27;[32mWhen &amp#27;[0m&amp#27;[32muser calls &amp#27;[0m&amp#27;[32m&amp#27;[1m"BookAppointmentFailedAPI"&amp#27;[0m&amp#27;[32m with &amp#27;[0m&amp#27;[32m&amp#27;[1m"POST"&amp#27;[0m&amp#27;[32m http request&amp#27;[0m                             &amp#27;[90m# stepDefinations.StepDefination.user_calls_with_http_request(java.lang.String,java.lang.String)&amp#27;[0m
  &amp#27;[32mThen &amp#27;[0m&amp#27;[32mthe API call got success with status code &amp#27;[0m&amp#27;[32m&amp#27;[1m400&amp#27;[0m                                              &amp#27;[90m# stepDefinations.StepDefination.the_api_call_got_success_with_status_code(int)&amp#27;[0m
  &amp#27;[32mAnd &amp#27;[0m&amp#27;[32m&amp#27;[0m&amp#27;[32m&amp#27;[1m"message"&amp#27;[0m&amp#27;[32m in response body is &amp#27;[0m&amp#27;[32m&amp#27;[1m"Appointment for the required timeslot is already booked"&amp#27;[0m     &amp#27;[90m# stepDefinations.StepDefination.in_response_body_is(java.lang.String,java.lang.String)&amp#27;[0m
]]></system-out>
  </testcase>
  <testcase name="Verify that user is able to login with valid details" classname="QA Technical Assignment #2" time="0.033">
    <system-out><![CDATA[
Scenario Outline: Verify that user is able to login with valid details &amp#27;[90m# src/test/java/features/login.feature:13&amp#27;[0m
  &amp#27;[32mGiven &amp#27;[0m&amp#27;[32mLogin payload with &amp#27;[0m&amp#27;[32m&amp#27;[1m"<UserName>"&amp#27;[0m&amp#27;[32m  &amp#27;[0m&amp#27;[32m&amp#27;[1m"<Password>"&amp#27;[0m                  &amp#27;[90m# stepDefinations.StepDefination.login_payload_with(java.lang.String,java.lang.String)&amp#27;[0m
/login
  &amp#27;[32mWhen &amp#27;[0m&amp#27;[32muser calls &amp#27;[0m&amp#27;[32m&amp#27;[1m"LoginAPI"&amp#27;[0m&amp#27;[32m with &amp#27;[0m&amp#27;[32m&amp#27;[1m"POST"&amp#27;[0m&amp#27;[32m http request&amp#27;[0m                  &amp#27;[90m# stepDefinations.StepDefination.user_calls_with_http_request(java.lang.String,java.lang.String)&amp#27;[0m
  &amp#27;[32mThen &amp#27;[0m&amp#27;[32mthe API call got success with status code &amp#27;[0m&amp#27;[32m&amp#27;[1m200&amp#27;[0m                   &amp#27;[90m# stepDefinations.StepDefination.the_api_call_got_success_with_status_code(int)&amp#27;[0m
  &amp#27;[32mAnd &amp#27;[0m&amp#27;[32m&amp#27;[0m&amp#27;[32m&amp#27;[1m"message"&amp#27;[0m&amp#27;[32m in response body is &amp#27;[0m&amp#27;[32m&amp#27;[1m"Login Successfull"&amp#27;[0m                &amp#27;[90m# stepDefinations.StepDefination.in_response_body_is(java.lang.String,java.lang.String)&amp#27;[0m
]]></system-out>
  </testcase>
  <testcase name="Verify that user is not able to login with invalid details" classname="QA Technical Assignment #2" time="0.033">
    <system-out><![CDATA[
Scenario Outline: Verify that user is not able to login with invalid details &amp#27;[90m# src/test/java/features/login.feature:24&amp#27;[0m
  &amp#27;[32mGiven &amp#27;[0m&amp#27;[32mLogin payload with &amp#27;[0m&amp#27;[32m&amp#27;[1m"<UserName>"&amp#27;[0m&amp#27;[32m  &amp#27;[0m&amp#27;[32m&amp#27;[1m"<Password>"&amp#27;[0m                        &amp#27;[90m# stepDefinations.StepDefination.login_payload_with(java.lang.String,java.lang.String)&amp#27;[0m
/login/failed
  &amp#27;[32mWhen &amp#27;[0m&amp#27;[32muser calls &amp#27;[0m&amp#27;[32m&amp#27;[1m"LoginFailedAPI"&amp#27;[0m&amp#27;[32m with &amp#27;[0m&amp#27;[32m&amp#27;[1m"POST"&amp#27;[0m&amp#27;[32m http request&amp#27;[0m                  &amp#27;[90m# stepDefinations.StepDefination.user_calls_with_http_request(java.lang.String,java.lang.String)&amp#27;[0m
  &amp#27;[32mThen &amp#27;[0m&amp#27;[32mthe API call got success with status code &amp#27;[0m&amp#27;[32m&amp#27;[1m401&amp#27;[0m                         &amp#27;[90m# stepDefinations.StepDefination.the_api_call_got_success_with_status_code(int)&amp#27;[0m
  &amp#27;[32mAnd &amp#27;[0m&amp#27;[32m&amp#27;[0m&amp#27;[32m&amp#27;[1m"message"&amp#27;[0m&amp#27;[32m in response body is &amp#27;[0m&amp#27;[32m&amp#27;[1m"Login failed"&amp#27;[0m                           &amp#27;[90m# stepDefinations.StepDefination.in_response_body_is(java.lang.String,java.lang.String)&amp#27;[0m
]]></system-out>
  </testcase>
</testsuite>